<?xml version="1.0" encoding="UTF-8"?>
<testsuite xmlns:xsi="http://www.w3.org/2001/XMLSchema-instance" xsi:schemaLocation="https://maven.apache.org/surefire/maven-surefire-plugin/xsd/surefire-test-report.xsd" name="com.mulesoft.training.HelloMavenTest" time="7.955" tests="2" errors="2" skipped="0" failures="0">
  <properties>
[...]
</properties>
  <testcase name="mavenFlowReturnsHelloMaven" classname="com.mulesoft.training.HelloMavenTest" time="5.957">
    <error message="Failed to invoke lifecycle phase &quot;start&quot; on object: org.mule.module.http.internal.listener.DefaultHttpListenerConfig@54dafa2c" type="org.mule.api.lifecycle.LifecycleException">org.mule.api.lifecycle.LifecycleException: Failed to invoke lifecycle phase "start" on object: org.mule.module.http.internal.listener.DefaultHttpListenerConfig@54dafa2c
Caused by: org.mule.api.DefaultMuleException: Address already in use: bind (java.net.BindException)
Caused by: java.net.BindException: Address already in use: bind
</error>
    <system-out><![CDATA[
================================================================================
= Testing: mavenFlowReturnsHelloMaven                                          =
================================================================================
INFO  2016-05-04 15:53:37,604 [Thread-1] com.mulesoft.training.HelloMavenTest: Using working directory for test: C:\Users\A3B18~1.MAR\AppData\Local\Temp\junit8622946331071317967
INFO  2016-05-04 15:53:37,775 [Thread-1] org.mule.lifecycle.AbstractLifecycleManager: Initialising RegistryBroker
INFO  2016-05-04 15:53:37,943 [Thread-1] org.mule.config.spring.MuleArtifactContext: Refreshing org.mule.config.spring.MuleArtifactContext@56998d79: startup date [Wed May 04 15:53:37 CEST 2016]; root of context hierarchy
INFO  2016-05-04 15:53:39,551 [Thread-1] org.mule.config.spring.processors.NoDevkitInjectorProcessor: JSR-330 'javax.inject.Inject' annotation found and supported for autowiring
WARN  2016-05-04 15:53:39,793 [Thread-1] org.mule.expression.DefaultExpressionManager: Expression string is not an expression.  Use isExpression(String) to validate first
WARN  2016-05-04 15:53:39,793 [Thread-1] org.mule.expression.DefaultExpressionManager: Expression string is not an expression.  Use isExpression(String) to validate first
INFO  2016-05-04 15:53:42,502 [Thread-1] org.mule.lifecycle.AbstractLifecycleManager: Initialising connector: Active_MQ
INFO  2016-05-04 15:53:42,553 [Thread-1] org.mule.lifecycle.AbstractLifecycleManager: Initialising model: _muleSystemModel
INFO  2016-05-04 15:53:42,557 [Thread-1] org.mule.construct.FlowConstructLifecycleManager: Initialising flow: logFlights
INFO  2016-05-04 15:53:42,557 [Thread-1] org.mule.exception.DefaultMessagingExceptionStrategy: Initialising exception listener: org.mule.exception.DefaultMessagingExceptionStrategy@5f444451
INFO  2016-05-04 15:53:42,573 [Thread-1] org.mule.processor.SedaStageLifecycleManager: Initialising service: logFlights.stage1
INFO  2016-05-04 15:53:42,584 [Thread-1] org.mule.construct.FlowConstructLifecycleManager: Initialising flow: mavenFlow
INFO  2016-05-04 15:53:42,584 [Thread-1] org.mule.exception.DefaultMessagingExceptionStrategy: Initialising exception listener: org.mule.exception.DefaultMessagingExceptionStrategy@503f8b81
INFO  2016-05-04 15:53:42,609 [Thread-1] org.mule.processor.SedaStageLifecycleManager: Initialising service: mavenFlow.stage1
INFO  2016-05-04 15:53:42,610 [Thread-1] org.mule.construct.FlowConstructLifecycleManager: Initialising flow: retrieveFlights
INFO  2016-05-04 15:53:42,610 [Thread-1] org.mule.exception.DefaultMessagingExceptionStrategy: Initialising exception listener: org.mule.exception.DefaultMessagingExceptionStrategy@6ca4da9
INFO  2016-05-04 15:53:42,614 [Thread-1] org.mule.processor.SedaStageLifecycleManager: Initialising service: retrieveFlights.stage1
INFO  2016-05-04 15:53:42,818 [Thread-1] org.mule.util.journal.TransactionJournal: Using files for tx logs C:\Users\a.martinez\AppData\Local\Temp\junit8622946331071317967\queue-tx-log\tx1.log and C:\Users\a.martinez\AppData\Local\Temp\junit8622946331071317967\queue-tx-log\tx2.log
INFO  2016-05-04 15:53:42,828 [Thread-1] org.mule.util.journal.TransactionJournal: Using files for tx logs C:\Users\a.martinez\AppData\Local\Temp\junit8622946331071317967\queue-xa-tx-log\tx1.log and C:\Users\a.martinez\AppData\Local\Temp\junit8622946331071317967\queue-xa-tx-log\tx2.log
INFO  2016-05-04 15:53:42,907 [Thread-1] org.mule.config.spring.SpringXmlConfigurationBuilder: Configured Mule using "org.mule.config.spring.SpringXmlConfigurationBuilder" with configuration resource(s): "[ConfigResource{resourceName='maven-project.xml'}]"
INFO  2016-05-04 15:53:42,911 [Thread-1] org.mule.util.queue.QueueXaResourceManager: Starting ResourceManager
INFO  2016-05-04 15:53:42,911 [Thread-1] org.mule.util.queue.QueueXaResourceManager: Started ResourceManager
INFO  2016-05-04 15:53:42,947 [Thread-1] org.mule.lifecycle.AbstractLifecycleManager: Disposing RegistryBroker
INFO  2016-05-04 15:53:42,949 [Thread-1] org.mule.construct.FlowConstructLifecycleManager: Disposing flow: logFlights
INFO  2016-05-04 15:53:42,950 [Thread-1] org.mule.processor.SedaStageLifecycleManager: Disposing service: logFlights.stage1
INFO  2016-05-04 15:53:42,951 [Thread-1] org.mule.construct.FlowConstructLifecycleManager: Disposing flow: mavenFlow
INFO  2016-05-04 15:53:42,951 [Thread-1] org.mule.processor.SedaStageLifecycleManager: Disposing service: mavenFlow.stage1
INFO  2016-05-04 15:53:42,952 [Thread-1] org.mule.construct.FlowConstructLifecycleManager: Disposing flow: retrieveFlights
INFO  2016-05-04 15:53:42,952 [Thread-1] org.mule.processor.SedaStageLifecycleManager: Disposing service: retrieveFlights.stage1
INFO  2016-05-04 15:53:42,955 [Thread-1] org.mule.lifecycle.AbstractLifecycleManager: Disposing model: _muleSystemModel
INFO  2016-05-04 15:53:42,958 [Thread-1] org.mule.lifecycle.AbstractLifecycleManager: Disposing connector: Active_MQ
INFO  2016-05-04 15:53:43,047 [Thread-1] org.mule.config.spring.MuleArtifactContext: Closing org.mule.config.spring.MuleArtifactContext@56998d79: startup date [Wed May 04 15:53:37 CEST 2016]; root of context hierarchy
INFO  2016-05-04 15:53:43,155 [Thread-1] org.mule.DefaultMuleContext: 
**********************************************************************
* Mule Context shut down normally on: 4/05/16 15:53                  *
* Server was up for: 0 days, 0 hours, 0 mins, 0.241 sec              *
**********************************************************************
]]></system-out>
    <system-err><![CDATA[SLF4J: Class path contains multiple SLF4J bindings.
SLF4J: Found binding in [jar:file:/C:/Users/a.martinez/.m2/repository/org/apache/logging/log4j/log4j-slf4j-impl/2.1/log4j-slf4j-impl-2.1.jar!/org/slf4j/impl/StaticLoggerBinder.class]
SLF4J: Found binding in [jar:file:/C:/Users/a.martinez/.m2/repository/org/apache/activemq/activemq-all/5.13.3/activemq-all-5.13.3.jar!/org/slf4j/impl/StaticLoggerBinder.class]
SLF4J: See http://www.slf4j.org/codes.html#multiple_bindings for an explanation.
SLF4J: Actual binding is of type [org.apache.logging.slf4j.Log4jLoggerFactory]
]]></system-err>
  </testcase>
  <testcase name="retrieveFlightsAddsAppropriateHeader" classname="com.mulesoft.training.HelloMavenTest" time="1.123">
    <error message="Failed to invoke lifecycle phase &quot;start&quot; on object: org.mule.module.http.internal.listener.DefaultHttpListenerConfig@1fb1332a" type="org.mule.api.lifecycle.LifecycleException">org.mule.api.lifecycle.LifecycleException: Failed to invoke lifecycle phase "start" on object: org.mule.module.http.internal.listener.DefaultHttpListenerConfig@1fb1332a
Caused by: org.mule.api.DefaultMuleException: Address already in use: bind (java.net.BindException)
Caused by: java.net.BindException: Address already in use: bind
</error>
    <system-out><![CDATA[
================================================================================
= Testing: retrieveFlightsAddsAppropriateHeader                                =
================================================================================
INFO  2016-05-04 15:53:43,302 [Thread-5] com.mulesoft.training.HelloMavenTest: Using working directory for test: C:\Users\A3B18~1.MAR\AppData\Local\Temp\junit6755166355268924203
INFO  2016-05-04 15:53:43,311 [Thread-5] org.mule.lifecycle.AbstractLifecycleManager: Initialising RegistryBroker
INFO  2016-05-04 15:53:43,320 [Thread-5] org.mule.config.spring.MuleArtifactContext: Refreshing org.mule.config.spring.MuleArtifactContext@5da9488b: startup date [Wed May 04 15:53:43 CEST 2016]; root of context hierarchy
INFO  2016-05-04 15:53:43,761 [Thread-5] org.mule.config.spring.processors.NoDevkitInjectorProcessor: JSR-330 'javax.inject.Inject' annotation found and supported for autowiring
WARN  2016-05-04 15:53:43,804 [Thread-5] org.mule.expression.DefaultExpressionManager: Expression string is not an expression.  Use isExpression(String) to validate first
WARN  2016-05-04 15:53:43,804 [Thread-5] org.mule.expression.DefaultExpressionManager: Expression string is not an expression.  Use isExpression(String) to validate first
INFO  2016-05-04 15:53:43,972 [Thread-5] org.mule.lifecycle.AbstractLifecycleManager: Initialising connector: Active_MQ
INFO  2016-05-04 15:53:43,989 [Thread-5] org.mule.lifecycle.AbstractLifecycleManager: Initialising model: _muleSystemModel
INFO  2016-05-04 15:53:43,992 [Thread-5] org.mule.construct.FlowConstructLifecycleManager: Initialising flow: logFlights
INFO  2016-05-04 15:53:43,992 [Thread-5] org.mule.exception.DefaultMessagingExceptionStrategy: Initialising exception listener: org.mule.exception.DefaultMessagingExceptionStrategy@471707ca
INFO  2016-05-04 15:53:43,996 [Thread-5] org.mule.processor.SedaStageLifecycleManager: Initialising service: logFlights.stage1
INFO  2016-05-04 15:53:43,997 [Thread-5] org.mule.construct.FlowConstructLifecycleManager: Initialising flow: mavenFlow
INFO  2016-05-04 15:53:43,997 [Thread-5] org.mule.exception.DefaultMessagingExceptionStrategy: Initialising exception listener: org.mule.exception.DefaultMessagingExceptionStrategy@66603a22
INFO  2016-05-04 15:53:44,002 [Thread-5] org.mule.processor.SedaStageLifecycleManager: Initialising service: mavenFlow.stage1
INFO  2016-05-04 15:53:44,003 [Thread-5] org.mule.construct.FlowConstructLifecycleManager: Initialising flow: retrieveFlights
INFO  2016-05-04 15:53:44,004 [Thread-5] org.mule.exception.DefaultMessagingExceptionStrategy: Initialising exception listener: org.mule.exception.DefaultMessagingExceptionStrategy@b169c41
INFO  2016-05-04 15:53:44,008 [Thread-5] org.mule.processor.SedaStageLifecycleManager: Initialising service: retrieveFlights.stage1
INFO  2016-05-04 15:53:44,012 [Thread-5] org.mule.util.journal.TransactionJournal: Using files for tx logs C:\Users\a.martinez\AppData\Local\Temp\junit6755166355268924203\queue-tx-log\tx1.log and C:\Users\a.martinez\AppData\Local\Temp\junit6755166355268924203\queue-tx-log\tx2.log
INFO  2016-05-04 15:53:44,015 [Thread-5] org.mule.util.journal.TransactionJournal: Using files for tx logs C:\Users\a.martinez\AppData\Local\Temp\junit6755166355268924203\queue-xa-tx-log\tx1.log and C:\Users\a.martinez\AppData\Local\Temp\junit6755166355268924203\queue-xa-tx-log\tx2.log
INFO  2016-05-04 15:53:44,039 [Thread-5] org.mule.config.spring.SpringXmlConfigurationBuilder: Configured Mule using "org.mule.config.spring.SpringXmlConfigurationBuilder" with configuration resource(s): "[ConfigResource{resourceName='maven-project.xml'}]"
INFO  2016-05-04 15:53:44,041 [Thread-5] org.mule.util.queue.QueueXaResourceManager: Starting ResourceManager
INFO  2016-05-04 15:53:44,041 [Thread-5] org.mule.util.queue.QueueXaResourceManager: Started ResourceManager
INFO  2016-05-04 15:53:44,093 [Thread-5] org.mule.lifecycle.AbstractLifecycleManager: Disposing RegistryBroker
INFO  2016-05-04 15:53:44,095 [Thread-5] org.mule.construct.FlowConstructLifecycleManager: Disposing flow: logFlights
INFO  2016-05-04 15:53:44,095 [Thread-5] org.mule.processor.SedaStageLifecycleManager: Disposing service: logFlights.stage1
INFO  2016-05-04 15:53:44,096 [Thread-5] org.mule.construct.FlowConstructLifecycleManager: Disposing flow: mavenFlow
INFO  2016-05-04 15:53:44,096 [Thread-5] org.mule.processor.SedaStageLifecycleManager: Disposing service: mavenFlow.stage1
INFO  2016-05-04 15:53:44,097 [Thread-5] org.mule.construct.FlowConstructLifecycleManager: Disposing flow: retrieveFlights
INFO  2016-05-04 15:53:44,097 [Thread-5] org.mule.processor.SedaStageLifecycleManager: Disposing service: retrieveFlights.stage1
INFO  2016-05-04 15:53:44,099 [Thread-5] org.mule.lifecycle.AbstractLifecycleManager: Disposing model: _muleSystemModel
INFO  2016-05-04 15:53:44,101 [Thread-5] org.mule.lifecycle.AbstractLifecycleManager: Disposing connector: Active_MQ
INFO  2016-05-04 15:53:44,125 [Thread-5] org.mule.config.spring.MuleArtifactContext: Closing org.mule.config.spring.MuleArtifactContext@5da9488b: startup date [Wed May 04 15:53:43 CEST 2016]; root of context hierarchy
INFO  2016-05-04 15:53:44,326 [Thread-5] org.mule.DefaultMuleContext: 
**********************************************************************
* Mule Context shut down normally on: 4/05/16 15:53                  *
* Server was up for: 0 days, 0 hours, 0 mins, 0.287 sec              *
**********************************************************************
]]></system-out>
  </testcase>
</testsuite>